<?xml version="1.0" encoding="UTF-8"?>
<testng-results skipped="0" failed="0" total="1" passed="1">
  <reporter-output>
  </reporter-output>
  <suite name="Default suite" duration-ms="49598" started-at="2019-05-17T04:27:22Z" finished-at="2019-05-17T04:28:11Z">
    <groups>
    </groups>
    <test name="Default test" duration-ms="49598" started-at="2019-05-17T04:27:22Z" finished-at="2019-05-17T04:28:11Z">
      <class name="ces_testng.CES_Main">
        <test-method status="PASS" signature="load_browser()[pri:0, instance:ces_testng.CES_Main@233c0b17]" name="load_browser" is-config="true" duration-ms="17491" started-at="2019-05-17T16:27:22Z" finished-at="2019-05-17T16:27:39Z">
          <reporter-output>
          </reporter-output>
        </test-method> <!-- load_browser -->
        <test-method status="PASS" signature="create_sales_order()[pri:0, instance:ces_testng.CES_Main@233c0b17]" name="create_sales_order" duration-ms="32093" started-at="2019-05-17T16:27:39Z" finished-at="2019-05-17T16:28:11Z">
          <reporter-output>
          </reporter-output>
        </test-method> <!-- create_sales_order -->
      </class> <!-- ces_testng.CES_Main -->
    </test> <!-- Default test -->
  </suite> <!-- Default suite -->
</testng-results>
